---- 
02/12/16 22:52:29 
C:\xampp\htdocs\MyProjects\moneyTrackerApp2.0\back-end\app\src\controllers\TransactionsController.php: 95
usr1480186635766TCSa---- 
02/12/16 22:52:57 
C:\xampp\htdocs\MyProjects\moneyTrackerApp2.0\back-end\app\src\controllers\TransactionsController.php: 95
usr1480186635766TCSa---- 
02/12/16 22:53:57 
C:\xampp\htdocs\MyProjects\moneyTrackerApp2.0\back-end\app\src\controllers\TransactionsController.php: 109
trs1480574787797wsRs---- 
02/12/16 22:55:33 
C:\xampp\htdocs\MyProjects\moneyTrackerApp2.0\back-end\app\src\controllers\TransactionsController.php: 109
trs1480574787797wsRs---- 
02/12/16 22:55:37 
C:\xampp\htdocs\MyProjects\moneyTrackerApp2.0\back-end\app\src\controllers\TransactionsController.php: 133
Array
(
    [transactId] => trs1480574787797wsRs
    [date] => 2016-12-03T04:55:33.891Z
    [amount] => 85000
    [detail] => Chunches
    [shop] => 
    [typeId] => 0
    [transactType] => Débito
)
---- 
02/12/16 22:55:37 
C:\xampp\htdocs\MyProjects\moneyTrackerApp2.0\back-end\app\src\services\TransactionsService.php: 370
Array
(
    [data] => 
    [meta] => Array
        (
            [count] => 1
        )

)
---- 
02/12/16 22:55:37 
C:\xampp\htdocs\MyProjects\moneyTrackerApp2.0\back-end\app\src\services\TransactionsService.php: 374
1---- 
02/12/16 22:55:39 
C:\xampp\htdocs\MyProjects\moneyTrackerApp2.0\back-end\app\src\controllers\TransactionsController.php: 109
trs1480574787797wsRs---- 
02/12/16 22:56:56 
C:\xampp\htdocs\MyProjects\moneyTrackerApp2.0\back-end\app\src\controllers\TransactionsController.php: 95
usr1480186635766TCSa---- 
02/12/16 22:57:04 
C:\xampp\htdocs\MyProjects\moneyTrackerApp2.0\back-end\app\src\controllers\TransactionsController.php: 95
usr1480186635766TCSa---- 
02/12/16 22:58:11 
C:\xampp\htdocs\MyProjects\moneyTrackerApp2.0\back-end\app\src\controllers\TransactionsController.php: 95
usr1480186635766TCSa---- 
02/12/16 22:58:41 
C:\xampp\htdocs\MyProjects\moneyTrackerApp2.0\back-end\app\src\controllers\TransactionsController.php: 95
usr1480186635766TCSa---- 
02/12/16 23:00:36 
C:\xampp\htdocs\MyProjects\moneyTrackerApp2.0\back-end\app\src\controllers\TransactionsController.php: 95
usr1480186635766TCSa---- 
02/12/16 23:00:40 
C:\xampp\htdocs\MyProjects\moneyTrackerApp2.0\back-end\app\src\controllers\TransactionsController.php: 109
trs1480574787797wsRs---- 
02/12/16 23:01:49 
C:\xampp\htdocs\MyProjects\moneyTrackerApp2.0\back-end\app\src\controllers\TransactionsController.php: 95
usr1480186635766TCSa---- 
02/12/16 23:01:52 
C:\xampp\htdocs\MyProjects\moneyTrackerApp2.0\back-end\app\src\controllers\TransactionsController.php: 109
trs1480574787797wsRs---- 
02/12/16 23:02:02 
C:\xampp\htdocs\MyProjects\moneyTrackerApp2.0\back-end\app\src\controllers\TransactionsController.php: 95
usr1480186635766TCSa---- 
02/12/16 23:02:11 
C:\xampp\htdocs\MyProjects\moneyTrackerApp2.0\back-end\app\src\controllers\TransactionsController.php: 109
trs1480561828649nXcj---- 
02/12/16 23:02:14 
C:\xampp\htdocs\MyProjects\moneyTrackerApp2.0\back-end\app\src\controllers\TransactionsController.php: 109
trs1480561828649nXcj---- 
02/12/16 23:03:25 
C:\xampp\htdocs\MyProjects\moneyTrackerApp2.0\back-end\app\src\controllers\TransactionsController.php: 95
usr1480186635766TCSa---- 
02/12/16 23:03:30 
C:\xampp\htdocs\MyProjects\moneyTrackerApp2.0\back-end\app\src\controllers\TransactionsController.php: 109
trs1480574787797wsRs---- 
02/12/16 23:03:32 
C:\xampp\htdocs\MyProjects\moneyTrackerApp2.0\back-end\app\src\controllers\TransactionsController.php: 109
trs1480574787797wsRs---- 
02/12/16 23:03:37 
C:\xampp\htdocs\MyProjects\moneyTrackerApp2.0\back-end\app\src\controllers\TransactionsController.php: 109
trs1480574787797wsRs---- 
02/12/16 23:03:40 
C:\xampp\htdocs\MyProjects\moneyTrackerApp2.0\back-end\app\src\controllers\TransactionsController.php: 95
usr1480186635766TCSa---- 
02/12/16 23:03:43 
C:\xampp\htdocs\MyProjects\moneyTrackerApp2.0\back-end\app\src\controllers\TransactionsController.php: 109
trs1480561828649nXcj---- 
02/12/16 23:03:46 
C:\xampp\htdocs\MyProjects\moneyTrackerApp2.0\back-end\app\src\controllers\TransactionsController.php: 109
trs1480561828649nXcj---- 
02/12/16 23:03:51 
C:\xampp\htdocs\MyProjects\moneyTrackerApp2.0\back-end\app\src\controllers\TransactionsController.php: 133
Array
(
    [transactId] => trs1480561828649nXcj
    [date] => 2016-12-03T05:03:46.121Z
    [amount] => 200000
    [detail] => Personal Isa
    [shop] => Isa G
    [typeId] => 0
    [transactType] => Crédito
)
---- 
02/12/16 23:03:51 
C:\xampp\htdocs\MyProjects\moneyTrackerApp2.0\back-end\app\src\services\TransactionsService.php: 370
Array
(
    [data] => 
    [meta] => Array
        (
            [count] => 1
        )

)
---- 
02/12/16 23:03:51 
C:\xampp\htdocs\MyProjects\moneyTrackerApp2.0\back-end\app\src\services\TransactionsService.php: 374
1---- 
02/12/16 23:03:53 
C:\xampp\htdocs\MyProjects\moneyTrackerApp2.0\back-end\app\src\controllers\TransactionsController.php: 109
trs1480561828649nXcj---- 
02/12/16 23:03:58 
C:\xampp\htdocs\MyProjects\moneyTrackerApp2.0\back-end\app\src\controllers\TransactionsController.php: 95
usr1480186635766TCSa---- 
02/12/16 23:05:25 
C:\xampp\htdocs\MyProjects\moneyTrackerApp2.0\back-end\app\src\controllers\TransactionsController.php: 109
trs1480574787797wsRs---- 
02/12/16 23:05:29 
C:\xampp\htdocs\MyProjects\moneyTrackerApp2.0\back-end\app\src\controllers\TransactionsController.php: 95
usr1480186635766TCSa---- 
02/12/16 23:05:31 
C:\xampp\htdocs\MyProjects\moneyTrackerApp2.0\back-end\app\src\controllers\TransactionsController.php: 109
trs1480561828649nXcj---- 
02/12/16 23:05:34 
C:\xampp\htdocs\MyProjects\moneyTrackerApp2.0\back-end\app\src\controllers\TransactionsController.php: 109
trs1480561828649nXcj---- 
02/12/16 23:05:39 
C:\xampp\htdocs\MyProjects\moneyTrackerApp2.0\back-end\app\src\controllers\TransactionsController.php: 133
Array
(
    [transactId] => trs1480561828649nXcj
    [date] => 2016-12-03T05:05:34.185Z
    [amount] => 200000
    [detail] => Personal Isa
    [shop] => Isa G
    [typeId] => 0
    [transactType] => Crédito
)
---- 
02/12/16 23:05:39 
C:\xampp\htdocs\MyProjects\moneyTrackerApp2.0\back-end\app\src\services\TransactionsService.php: 370
Array
(
    [data] => 
    [meta] => Array
        (
            [count] => 1
        )

)
---- 
02/12/16 23:05:39 
C:\xampp\htdocs\MyProjects\moneyTrackerApp2.0\back-end\app\src\services\TransactionsService.php: 374
1---- 
02/12/16 23:05:41 
C:\xampp\htdocs\MyProjects\moneyTrackerApp2.0\back-end\app\src\controllers\TransactionsController.php: 109
trs1480561828649nXcj---- 
02/12/16 23:06:17 
C:\xampp\htdocs\MyProjects\moneyTrackerApp2.0\back-end\app\src\controllers\TransactionsController.php: 34
Array
(
    [userId] => usr1480186635766TCSa
    [transactId] => trs1480741577596PGlG
    [date] => 2016-12-03T06:00:00.000Z
    [amount] => 10000
    [detail] => prueba de credito
    [shop] => nats
    [transactType] => Crédito
    [typeId] => 1
)
---- 
02/12/16 23:06:18 
C:\xampp\htdocs\MyProjects\moneyTrackerApp2.0\back-end\app\src\services\TransactionsService.php: 82
Array
(
    [data] => 
    [meta] => Array
        (
            [id] => 0
            [count] => 1
        )

)
---- 
02/12/16 23:06:18 
C:\xampp\htdocs\MyProjects\moneyTrackerApp2.0\back-end\app\src\services\TransactionsService.php: 102
Array
(
    [data] => 
    [meta] => Array
        (
            [id] => 7
            [count] => 1
        )

)
---- 
02/12/16 23:06:20 
C:\xampp\htdocs\MyProjects\moneyTrackerApp2.0\back-end\app\src\controllers\TransactionsController.php: 95
usr1480186635766TCSa---- 
02/12/16 23:06:32 
C:\xampp\htdocs\MyProjects\moneyTrackerApp2.0\back-end\app\src\controllers\TransactionsController.php: 109
trs1480741577596PGlG---- 
02/12/16 23:06:35 
C:\xampp\htdocs\MyProjects\moneyTrackerApp2.0\back-end\app\src\controllers\TransactionsController.php: 109
trs1480741577596PGlG---- 
02/12/16 23:06:44 
C:\xampp\htdocs\MyProjects\moneyTrackerApp2.0\back-end\app\src\controllers\TransactionsController.php: 133
Array
(
    [transactId] => trs1480741577596PGlG
    [date] => 2016-12-03T05:06:35.826Z
    [amount] => 10000
    [detail] => prueba de credito
    [shop] => nats
    [typeId] => 1
    [transactType] => Débito
)
---- 
02/12/16 23:06:44 
C:\xampp\htdocs\MyProjects\moneyTrackerApp2.0\back-end\app\src\services\TransactionsService.php: 370
Array
(
    [data] => 
    [meta] => Array
        (
            [count] => 1
        )

)
---- 
02/12/16 23:06:44 
C:\xampp\htdocs\MyProjects\moneyTrackerApp2.0\back-end\app\src\services\TransactionsService.php: 374
1---- 
02/12/16 23:06:46 
C:\xampp\htdocs\MyProjects\moneyTrackerApp2.0\back-end\app\src\controllers\TransactionsController.php: 109
trs1480741577596PGlG---- 
02/12/16 23:06:55 
C:\xampp\htdocs\MyProjects\moneyTrackerApp2.0\back-end\app\src\controllers\TransactionsController.php: 109
trs1480741577596PGlG---- 
02/12/16 23:06:59 
C:\xampp\htdocs\MyProjects\moneyTrackerApp2.0\back-end\app\src\controllers\TransactionsController.php: 133
Array
(
    [transactId] => trs1480741577596PGlG
    [date] => 2016-12-03T05:06:55.320Z
    [amount] => 10000
    [detail] => prueba de credito
    [shop] => nats
    [typeId] => 1
    [transactType] => Débito
)
---- 
02/12/16 23:06:59 
C:\xampp\htdocs\MyProjects\moneyTrackerApp2.0\back-end\app\src\services\TransactionsService.php: 370
Array
(
    [data] => 
    [meta] => Array
        (
            [count] => 1
        )

)
---- 
02/12/16 23:06:59 
C:\xampp\htdocs\MyProjects\moneyTrackerApp2.0\back-end\app\src\services\TransactionsService.php: 374
1---- 
02/12/16 23:07:01 
C:\xampp\htdocs\MyProjects\moneyTrackerApp2.0\back-end\app\src\controllers\TransactionsController.php: 109
trs1480741577596PGlG---- 
02/12/16 23:08:26 
C:\xampp\htdocs\MyProjects\moneyTrackerApp2.0\back-end\app\src\controllers\TransactionsController.php: 95
usr1480186635766TCSa---- 
02/12/16 23:08:34 
C:\xampp\htdocs\MyProjects\moneyTrackerApp2.0\back-end\app\src\controllers\TransactionsController.php: 95
usr1480186635766TCSa---- 
02/12/16 23:08:40 
C:\xampp\htdocs\MyProjects\moneyTrackerApp2.0\back-end\app\src\controllers\TransactionsController.php: 109
trs1480741577596PGlG---- 
02/12/16 23:08:44 
C:\xampp\htdocs\MyProjects\moneyTrackerApp2.0\back-end\app\src\controllers\TransactionsController.php: 109
trs1480741577596PGlG---- 
02/12/16 23:08:49 
C:\xampp\htdocs\MyProjects\moneyTrackerApp2.0\back-end\app\src\controllers\TransactionsController.php: 133
Array
(
    [transactId] => trs1480741577596PGlG
    [date] => 2016-12-03T05:08:44.189Z
    [amount] => 10000
    [detail] => prueba de credito
    [shop] => nats
    [typeId] => 1
    [transactType] => Débito
)
---- 
02/12/16 23:08:49 
C:\xampp\htdocs\MyProjects\moneyTrackerApp2.0\back-end\app\src\services\TransactionsService.php: 370
Array
(
    [data] => 
    [meta] => Array
        (
            [count] => 1
        )

)
---- 
02/12/16 23:08:49 
C:\xampp\htdocs\MyProjects\moneyTrackerApp2.0\back-end\app\src\services\TransactionsService.php: 374
1---- 
02/12/16 23:08:51 
C:\xampp\htdocs\MyProjects\moneyTrackerApp2.0\back-end\app\src\controllers\TransactionsController.php: 109
trs1480741577596PGlG---- 
02/12/16 23:09:16 
C:\xampp\htdocs\MyProjects\moneyTrackerApp2.0\back-end\app\src\controllers\TransactionsController.php: 109
trs1480741577596PGlG---- 
02/12/16 23:09:19 
C:\xampp\htdocs\MyProjects\moneyTrackerApp2.0\back-end\app\src\controllers\TransactionsController.php: 133
Array
(
    [transactId] => trs1480741577596PGlG
    [date] => 2016-12-03T05:09:16.660Z
    [amount] => 10000
    [detail] => prueba de credito
    [shop] => nats
    [typeId] => 1
    [transactType] => Crédito
)
---- 
02/12/16 23:09:19 
C:\xampp\htdocs\MyProjects\moneyTrackerApp2.0\back-end\app\src\services\TransactionsService.php: 370
Array
(
    [data] => 
    [meta] => Array
        (
            [count] => 1
        )

)
---- 
02/12/16 23:09:19 
C:\xampp\htdocs\MyProjects\moneyTrackerApp2.0\back-end\app\src\services\TransactionsService.php: 374
1---- 
02/12/16 23:09:21 
C:\xampp\htdocs\MyProjects\moneyTrackerApp2.0\back-end\app\src\controllers\TransactionsController.php: 109
trs1480741577596PGlG---- 
02/12/16 23:09:22 
C:\xampp\htdocs\MyProjects\moneyTrackerApp2.0\back-end\app\src\controllers\TransactionsController.php: 109
trs1480741577596PGlG---- 
02/12/16 23:09:26 
C:\xampp\htdocs\MyProjects\moneyTrackerApp2.0\back-end\app\src\controllers\TransactionsController.php: 133
Array
(
    [transactId] => trs1480741577596PGlG
    [date] => 2016-12-03T05:09:22.741Z
    [amount] => 10000
    [detail] => prueba de credito
    [shop] => nats
    [typeId] => 1
    [transactType] => Débito
)
---- 
02/12/16 23:09:26 
C:\xampp\htdocs\MyProjects\moneyTrackerApp2.0\back-end\app\src\services\TransactionsService.php: 370
Array
(
    [data] => 
    [meta] => Array
        (
            [count] => 1
        )

)
---- 
02/12/16 23:09:26 
C:\xampp\htdocs\MyProjects\moneyTrackerApp2.0\back-end\app\src\services\TransactionsService.php: 374
1---- 
02/12/16 23:09:29 
C:\xampp\htdocs\MyProjects\moneyTrackerApp2.0\back-end\app\src\controllers\TransactionsController.php: 109
trs1480741577596PGlG---- 
02/12/16 23:13:05 
C:\xampp\htdocs\MyProjects\moneyTrackerApp2.0\back-end\app\src\controllers\TransactionsController.php: 95
usr1480186635766TCSa---- 
02/12/16 23:13:15 
C:\xampp\htdocs\MyProjects\moneyTrackerApp2.0\back-end\app\src\controllers\TransactionsController.php: 109
trs1480741577596PGlG---- 
02/12/16 23:13:21 
C:\xampp\htdocs\MyProjects\moneyTrackerApp2.0\back-end\app\src\controllers\TransactionsController.php: 109
trs1480741577596PGlG---- 
02/12/16 23:13:36 
C:\xampp\htdocs\MyProjects\moneyTrackerApp2.0\back-end\app\src\controllers\TransactionsController.php: 109
trs1480741577596PGlG---- 
02/12/16 23:14:09 
C:\xampp\htdocs\MyProjects\moneyTrackerApp2.0\back-end\app\src\controllers\TransactionsController.php: 95
usr1480186635766TCSa---- 
02/12/16 23:14:12 
C:\xampp\htdocs\MyProjects\moneyTrackerApp2.0\back-end\app\src\controllers\TransactionsController.php: 109
trs1480741577596PGlG---- 
02/12/16 23:14:17 
C:\xampp\htdocs\MyProjects\moneyTrackerApp2.0\back-end\app\src\controllers\TransactionsController.php: 109
trs1480741577596PGlG---- 
02/12/16 23:14:23 
C:\xampp\htdocs\MyProjects\moneyTrackerApp2.0\back-end\app\src\controllers\TransactionsController.php: 133
Array
(
    [transactId] => trs1480741577596PGlG
    [date] => 2016-12-03T05:14:17.793Z
    [amount] => 10000
    [detail] => prueba de credito
    [shop] => nats
    [transactType] => Débito
    [typeId] => 0
)
---- 
02/12/16 23:14:23 
C:\xampp\htdocs\MyProjects\moneyTrackerApp2.0\back-end\app\src\services\TransactionsService.php: 370
Array
(
    [data] => 
    [meta] => Array
        (
            [count] => 1
        )

)
---- 
02/12/16 23:14:23 
C:\xampp\htdocs\MyProjects\moneyTrackerApp2.0\back-end\app\src\services\TransactionsService.php: 374
1---- 
02/12/16 23:14:25 
C:\xampp\htdocs\MyProjects\moneyTrackerApp2.0\back-end\app\src\controllers\TransactionsController.php: 109
trs1480741577596PGlG---- 
02/12/16 23:16:08 
C:\xampp\htdocs\MyProjects\moneyTrackerApp2.0\back-end\app\src\controllers\TransactionsController.php: 95
usr1480186635766TCSa---- 
02/12/16 23:16:12 
C:\xampp\htdocs\MyProjects\moneyTrackerApp2.0\back-end\app\src\controllers\TransactionsController.php: 109
trs1480741577596PGlG---- 
02/12/16 23:16:15 
C:\xampp\htdocs\MyProjects\moneyTrackerApp2.0\back-end\app\src\controllers\TransactionsController.php: 109
trs1480741577596PGlG---- 
02/12/16 23:16:24 
C:\xampp\htdocs\MyProjects\moneyTrackerApp2.0\back-end\app\src\controllers\TransactionsController.php: 133
Array
(
    [transactId] => trs1480741577596PGlG
    [date] => 2016-12-03T05:16:15.558Z
    [amount] => 10000
    [detail] => prueba de credito
    [shop] => nats
    [transactType] => Crédito
    [typeId] => 0
)
---- 
02/12/16 23:16:24 
C:\xampp\htdocs\MyProjects\moneyTrackerApp2.0\back-end\app\src\services\TransactionsService.php: 370
Array
(
    [data] => 
    [meta] => Array
        (
            [count] => 1
        )

)
---- 
02/12/16 23:16:24 
C:\xampp\htdocs\MyProjects\moneyTrackerApp2.0\back-end\app\src\services\TransactionsService.php: 374
1---- 
02/12/16 23:16:26 
C:\xampp\htdocs\MyProjects\moneyTrackerApp2.0\back-end\app\src\controllers\TransactionsController.php: 109
trs1480741577596PGlG---- 
02/12/16 23:18:34 
C:\xampp\htdocs\MyProjects\moneyTrackerApp2.0\back-end\app\src\controllers\TransactionsController.php: 95
usr1480186635766TCSa---- 
02/12/16 23:18:39 
C:\xampp\htdocs\MyProjects\moneyTrackerApp2.0\back-end\app\src\controllers\TransactionsController.php: 109
trs1480741577596PGlG---- 
02/12/16 23:18:46 
C:\xampp\htdocs\MyProjects\moneyTrackerApp2.0\back-end\app\src\controllers\TransactionsController.php: 95
usr1480186635766TCSa---- 
02/12/16 23:18:55 
C:\xampp\htdocs\MyProjects\moneyTrackerApp2.0\back-end\app\src\controllers\TransactionsController.php: 109
trs1480741577596PGlG---- 
02/12/16 23:19:53 
C:\xampp\htdocs\MyProjects\moneyTrackerApp2.0\back-end\app\src\controllers\TransactionsController.php: 95
usr1480186635766TCSa---- 
02/12/16 23:19:58 
C:\xampp\htdocs\MyProjects\moneyTrackerApp2.0\back-end\app\src\controllers\TransactionsController.php: 109
trs1480741577596PGlG---- 
02/12/16 23:20:45 
C:\xampp\htdocs\MyProjects\moneyTrackerApp2.0\back-end\app\src\controllers\TransactionsController.php: 95
usr1480186635766TCSa---- 
02/12/16 23:21:09 
C:\xampp\htdocs\MyProjects\moneyTrackerApp2.0\back-end\app\src\controllers\TransactionsController.php: 34
Array
(
    [userId] => usr1480186635766TCSa
    [transactId] => trs1480742468741iyxZ
    [date] => 2016-01-05T06:00:00.000Z
    [amount] => 25000
    [detail] => prueba 2 de tipos
    [shop] => nats
    [transactType] => Débito
    [typeId] => 0
)
---- 
02/12/16 23:21:09 
C:\xampp\htdocs\MyProjects\moneyTrackerApp2.0\back-end\app\src\services\TransactionsService.php: 82
Array
(
    [data] => 
    [meta] => Array
        (
            [id] => 0
            [count] => 1
        )

)
---- 
02/12/16 23:21:09 
C:\xampp\htdocs\MyProjects\moneyTrackerApp2.0\back-end\app\src\services\TransactionsService.php: 102
Array
(
    [data] => 
    [meta] => Array
        (
            [id] => 8
            [count] => 1
        )

)
---- 
02/12/16 23:22:16 
C:\xampp\htdocs\MyProjects\moneyTrackerApp2.0\back-end\app\src\controllers\TransactionsController.php: 34
Array
(
    [userId] => usr1480186635766TCSa
    [transactId] => trs1480742535621JMup
    [date] => 2016-11-02T06:00:00.000Z
    [amount] => 11200
    [detail] => pruba 3 este es un credito
    [shop] => nats
    [transactType] => Crédito
    [typeId] => 1
)
---- 
02/12/16 23:22:16 
C:\xampp\htdocs\MyProjects\moneyTrackerApp2.0\back-end\app\src\services\TransactionsService.php: 82
Array
(
    [data] => 
    [meta] => Array
        (
            [id] => 0
            [count] => 1
        )

)
---- 
02/12/16 23:22:16 
C:\xampp\htdocs\MyProjects\moneyTrackerApp2.0\back-end\app\src\services\TransactionsService.php: 102
Array
(
    [data] => 
    [meta] => Array
        (
            [id] => 9
            [count] => 1
        )

)
---- 
02/12/16 23:23:13 
C:\xampp\htdocs\MyProjects\moneyTrackerApp2.0\back-end\app\src\controllers\TransactionsController.php: 95
usr1480186635766TCSa---- 
02/12/16 23:24:18 
C:\xampp\htdocs\MyProjects\moneyTrackerApp2.0\back-end\app\src\controllers\TransactionsController.php: 95
usr1480186635766TCSa---- 
02/12/16 23:24:53 
C:\xampp\htdocs\MyProjects\moneyTrackerApp2.0\back-end\app\src\controllers\TransactionsController.php: 95
usr1480186635766TCSa---- 
02/12/16 23:26:05 
C:\xampp\htdocs\MyProjects\moneyTrackerApp2.0\back-end\app\src\controllers\TransactionsController.php: 95
usr1480186635766TCSa---- 
02/12/16 23:26:40 
C:\xampp\htdocs\MyProjects\moneyTrackerApp2.0\back-end\app\src\controllers\TransactionsController.php: 95
usr1480186635766TCSa---- 
02/12/16 23:27:08 
C:\xampp\htdocs\MyProjects\moneyTrackerApp2.0\back-end\app\src\controllers\TransactionsController.php: 95
usr1480186635766TCSa---- 
02/12/16 23:27:26 
C:\xampp\htdocs\MyProjects\moneyTrackerApp2.0\back-end\app\src\controllers\TransactionsController.php: 109
trs1480741577596PGlG---- 
02/12/16 23:27:32 
C:\xampp\htdocs\MyProjects\moneyTrackerApp2.0\back-end\app\src\controllers\TransactionsController.php: 95
usr1480186635766TCSa---- 
02/12/16 23:29:18 
C:\xampp\htdocs\MyProjects\moneyTrackerApp2.0\back-end\app\src\controllers\TransactionsController.php: 109
trs1480741577596PGlG---- 
02/12/16 23:29:22 
C:\xampp\htdocs\MyProjects\moneyTrackerApp2.0\back-end\app\src\controllers\TransactionsController.php: 95
usr1480186635766TCSa---- 
02/12/16 23:29:24 
C:\xampp\htdocs\MyProjects\moneyTrackerApp2.0\back-end\app\src\controllers\TransactionsController.php: 109
trs1480561828649nXcj---- 
02/12/16 23:29:51 
C:\xampp\htdocs\MyProjects\moneyTrackerApp2.0\back-end\app\src\controllers\TransactionsController.php: 95
usr1480186635766TCSa---- 
02/12/16 23:29:59 
C:\xampp\htdocs\MyProjects\moneyTrackerApp2.0\back-end\app\src\controllers\TransactionsController.php: 109
trs1480574787797wsRs---- 
02/12/16 23:30:08 
C:\xampp\htdocs\MyProjects\moneyTrackerApp2.0\back-end\app\src\controllers\TransactionsController.php: 95
usr1480186635766TCSa---- 
02/12/16 23:30:10 
C:\xampp\htdocs\MyProjects\moneyTrackerApp2.0\back-end\app\src\controllers\TransactionsController.php: 109
trs1480741577596PGlG---- 
02/12/16 23:30:26 
C:\xampp\htdocs\MyProjects\moneyTrackerApp2.0\back-end\app\src\controllers\TransactionsController.php: 109
trs1480741577596PGlG---- 
02/12/16 23:30:32 
C:\xampp\htdocs\MyProjects\moneyTrackerApp2.0\back-end\app\src\controllers\TransactionsController.php: 133
Array
(
    [transactId] => trs1480741577596PGlG
    [date] => 2016-12-03T05:30:26.218Z
    [amount] => 10000
    [detail] => prueba de credito
    [shop] => nats
    [transactType] => Crédito
    [typeId] => 1
)
---- 
02/12/16 23:30:32 
C:\xampp\htdocs\MyProjects\moneyTrackerApp2.0\back-end\app\src\services\TransactionsService.php: 370
Array
(
    [data] => 
    [meta] => Array
        (
            [count] => 1
        )

)
---- 
02/12/16 23:30:32 
C:\xampp\htdocs\MyProjects\moneyTrackerApp2.0\back-end\app\src\services\TransactionsService.php: 374
1---- 
02/12/16 23:30:35 
C:\xampp\htdocs\MyProjects\moneyTrackerApp2.0\back-end\app\src\controllers\TransactionsController.php: 109
trs1480741577596PGlG---- 
02/12/16 23:31:25 
C:\xampp\htdocs\MyProjects\moneyTrackerApp2.0\back-end\app\src\controllers\TransactionsController.php: 109
trs1480741577596PGlG---- 
02/12/16 23:31:38 
C:\xampp\htdocs\MyProjects\moneyTrackerApp2.0\back-end\app\src\controllers\TransactionsController.php: 133
Array
(
    [transactId] => trs1480741577596PGlG
    [date] => 2016-12-03T05:31:25.517Z
    [amount] => 10000
    [detail] => prueba de credito ahora es debito
    [shop] => nats
    [transactType] => Débito
    [typeId] => 0
)
---- 
02/12/16 23:31:38 
C:\xampp\htdocs\MyProjects\moneyTrackerApp2.0\back-end\app\src\services\TransactionsService.php: 370
Array
(
    [data] => 
    [meta] => Array
        (
            [count] => 1
        )

)
---- 
02/12/16 23:31:38 
C:\xampp\htdocs\MyProjects\moneyTrackerApp2.0\back-end\app\src\services\TransactionsService.php: 374
1---- 
02/12/16 23:31:40 
C:\xampp\htdocs\MyProjects\moneyTrackerApp2.0\back-end\app\src\controllers\TransactionsController.php: 109
trs1480741577596PGlG---- 
02/12/16 23:34:47 
C:\xampp\htdocs\MyProjects\moneyTrackerApp2.0\back-end\app\src\controllers\TransactionsController.php: 123
trs1480741577596PGlG---- 
02/12/16 23:34:47 
C:\xampp\htdocs\MyProjects\moneyTrackerApp2.0\back-end\app\src\services\TransactionsService.php: 287
Array
(
    [data] => 
    [meta] => Array
        (
            [count] => 1
        )

)
---- 
02/12/16 23:34:50 
C:\xampp\htdocs\MyProjects\moneyTrackerApp2.0\back-end\app\src\controllers\TransactionsController.php: 95
usr1480186635766TCSa---- 
02/12/16 23:34:55 
C:\xampp\htdocs\MyProjects\moneyTrackerApp2.0\back-end\app\src\controllers\TransactionsController.php: 109
trs1480742535621JMup---- 
02/12/16 23:35:06 
C:\xampp\htdocs\MyProjects\moneyTrackerApp2.0\back-end\app\src\controllers\TransactionsController.php: 109
trs1480742535621JMup---- 
02/12/16 23:36:07 
C:\xampp\htdocs\MyProjects\moneyTrackerApp2.0\back-end\app\src\controllers\TransactionsController.php: 133
Array
(
    [transactId] => trs1480742535621JMup
    [date] => 2016-12-03T05:35:06.480Z
    [amount] => 25000
    [detail] => ahora es debito de 25000 y termina en JMup
    [shop] => nats
    [transactType] => Débito
    [typeId] => 0
)
---- 
02/12/16 23:36:07 
C:\xampp\htdocs\MyProjects\moneyTrackerApp2.0\back-end\app\src\services\TransactionsService.php: 370
Array
(
    [data] => 
    [meta] => Array
        (
            [count] => 1
        )

)
---- 
02/12/16 23:36:07 
C:\xampp\htdocs\MyProjects\moneyTrackerApp2.0\back-end\app\src\services\TransactionsService.php: 374
1---- 
02/12/16 23:36:09 
C:\xampp\htdocs\MyProjects\moneyTrackerApp2.0\back-end\app\src\controllers\TransactionsController.php: 109
trs1480742535621JMup---- 
02/12/16 23:39:54 
C:\xampp\htdocs\MyProjects\moneyTrackerApp2.0\back-end\app\src\controllers\TransactionsController.php: 123
trs1480742535621JMup---- 
02/12/16 23:39:54 
C:\xampp\htdocs\MyProjects\moneyTrackerApp2.0\back-end\app\src\services\TransactionsService.php: 287
Array
(
    [data] => 
    [meta] => Array
        (
            [count] => 1
        )

)
---- 
02/12/16 23:39:56 
C:\xampp\htdocs\MyProjects\moneyTrackerApp2.0\back-end\app\src\controllers\TransactionsController.php: 95
usr1480186635766TCSa---- 
02/12/16 23:40:09 
C:\xampp\htdocs\MyProjects\moneyTrackerApp2.0\back-end\app\src\controllers\TransactionsController.php: 95
usr1480186635766TCSa---- 
02/12/16 23:40:10 
C:\xampp\htdocs\MyProjects\moneyTrackerApp2.0\back-end\app\src\controllers\TransactionsController.php: 95
usr1480186635766TCSa---- 
02/12/16 23:40:15 
C:\xampp\htdocs\MyProjects\moneyTrackerApp2.0\back-end\app\src\controllers\TransactionsController.php: 109
trs1480742468741iyxZ---- 
02/12/16 23:40:46 
C:\xampp\htdocs\MyProjects\moneyTrackerApp2.0\back-end\app\src\controllers\TransactionsController.php: 109
trs1480742468741iyxZ---- 
02/12/16 23:41:38 
C:\xampp\htdocs\MyProjects\moneyTrackerApp2.0\back-end\app\src\controllers\TransactionsController.php: 133
Array
(
    [transactId] => trs1480742468741iyxZ
    [date] => 2016-12-03T05:40:46.329Z
    [amount] => 22000
    [detail] => credito de 22000 y termina en 1yxz
    [shop] => nats
    [transactType] => Crédito
    [typeId] => 1
)
---- 
02/12/16 23:41:38 
C:\xampp\htdocs\MyProjects\moneyTrackerApp2.0\back-end\app\src\services\TransactionsService.php: 370
Array
(
    [data] => 
    [meta] => Array
        (
            [count] => 1
        )

)
---- 
02/12/16 23:41:38 
C:\xampp\htdocs\MyProjects\moneyTrackerApp2.0\back-end\app\src\services\TransactionsService.php: 374
1---- 
02/12/16 23:41:40 
C:\xampp\htdocs\MyProjects\moneyTrackerApp2.0\back-end\app\src\controllers\TransactionsController.php: 109
trs1480742468741iyxZ---- 
02/12/16 23:43:44 
C:\xampp\htdocs\MyProjects\moneyTrackerApp2.0\back-end\app\src\controllers\TransactionsController.php: 123
trs1480742468741iyxZ---- 
02/12/16 23:43:44 
C:\xampp\htdocs\MyProjects\moneyTrackerApp2.0\back-end\app\src\services\TransactionsService.php: 287
Array
(
    [data] => 
    [meta] => Array
        (
            [count] => 1
        )

)
---- 
02/12/16 23:43:46 
C:\xampp\htdocs\MyProjects\moneyTrackerApp2.0\back-end\app\src\controllers\TransactionsController.php: 95
usr1480186635766TCSa---- 
02/12/16 23:43:54 
C:\xampp\htdocs\MyProjects\moneyTrackerApp2.0\back-end\app\src\controllers\TransactionsController.php: 109
trs1480561828649nXcj---- 
02/12/16 23:43:57 
C:\xampp\htdocs\MyProjects\moneyTrackerApp2.0\back-end\app\src\controllers\TransactionsController.php: 109
trs1480561828649nXcj---- 
02/12/16 23:44:02 
C:\xampp\htdocs\MyProjects\moneyTrackerApp2.0\back-end\app\src\controllers\TransactionsController.php: 133
Array
(
    [transactId] => trs1480561828649nXcj
    [date] => 2016-12-03T05:43:57.200Z
    [amount] => 200000
    [detail] => Personal Isa
    [shop] => Isa G
    [transactType] => Crédito
    [typeId] => 1
)
---- 
02/12/16 23:44:02 
C:\xampp\htdocs\MyProjects\moneyTrackerApp2.0\back-end\app\src\services\TransactionsService.php: 370
Array
(
    [data] => 
    [meta] => Array
        (
            [count] => 1
        )

)
---- 
02/12/16 23:44:02 
C:\xampp\htdocs\MyProjects\moneyTrackerApp2.0\back-end\app\src\services\TransactionsService.php: 374
1---- 
02/12/16 23:44:04 
C:\xampp\htdocs\MyProjects\moneyTrackerApp2.0\back-end\app\src\controllers\TransactionsController.php: 109
trs1480561828649nXcj---- 
02/12/16 23:44:10 
C:\xampp\htdocs\MyProjects\moneyTrackerApp2.0\back-end\app\src\controllers\TransactionsController.php: 95
usr1480186635766TCSa---- 
02/12/16 23:45:29 
C:\xampp\htdocs\MyProjects\moneyTrackerApp2.0\back-end\app\src\controllers\TransactionsController.php: 95
usr1480186635766TCSa---- 
02/12/16 23:45:32 
C:\xampp\htdocs\MyProjects\moneyTrackerApp2.0\back-end\app\src\controllers\TransactionsController.php: 109
trs1480574787797wsRs---- 
02/12/16 23:45:35 
C:\xampp\htdocs\MyProjects\moneyTrackerApp2.0\back-end\app\src\controllers\TransactionsController.php: 109
trs1480574787797wsRs---- 
02/12/16 23:45:39 
C:\xampp\htdocs\MyProjects\moneyTrackerApp2.0\back-end\app\src\controllers\TransactionsController.php: 133
Array
(
    [transactId] => trs1480574787797wsRs
    [date] => 2016-12-03T05:45:35.811Z
    [amount] => 85000
    [detail] => Chunches
    [shop] => No registrado
    [transactType] => Crédito
    [typeId] => 1
)
---- 
02/12/16 23:45:39 
C:\xampp\htdocs\MyProjects\moneyTrackerApp2.0\back-end\app\src\services\TransactionsService.php: 370
Array
(
    [data] => 
    [meta] => Array
        (
            [count] => 1
        )

)
---- 
02/12/16 23:45:39 
C:\xampp\htdocs\MyProjects\moneyTrackerApp2.0\back-end\app\src\services\TransactionsService.php: 374
1---- 
02/12/16 23:45:42 
C:\xampp\htdocs\MyProjects\moneyTrackerApp2.0\back-end\app\src\controllers\TransactionsController.php: 109
trs1480574787797wsRs---- 
02/12/16 23:45:46 
C:\xampp\htdocs\MyProjects\moneyTrackerApp2.0\back-end\app\src\controllers\TransactionsController.php: 95
usr1480186635766TCSa---- 
02/12/16 23:45:48 
C:\xampp\htdocs\MyProjects\moneyTrackerApp2.0\back-end\app\src\controllers\TransactionsController.php: 109
trs1480561828649nXcj---- 
02/12/16 23:45:52 
C:\xampp\htdocs\MyProjects\moneyTrackerApp2.0\back-end\app\src\controllers\TransactionsController.php: 109
trs1480561828649nXcj---- 
02/12/16 23:45:55 
C:\xampp\htdocs\MyProjects\moneyTrackerApp2.0\back-end\app\src\controllers\TransactionsController.php: 133
Array
(
    [transactId] => trs1480561828649nXcj
    [date] => 2016-12-03T05:45:52.050Z
    [amount] => 200000
    [detail] => Personal Isa
    [shop] => Isa G
    [transactType] => Débito
    [typeId] => 0
)
---- 
02/12/16 23:45:56 
C:\xampp\htdocs\MyProjects\moneyTrackerApp2.0\back-end\app\src\services\TransactionsService.php: 370
Array
(
    [data] => 
    [meta] => Array
        (
            [count] => 1
        )

)
---- 
02/12/16 23:45:56 
C:\xampp\htdocs\MyProjects\moneyTrackerApp2.0\back-end\app\src\services\TransactionsService.php: 374
1---- 
02/12/16 23:45:58 
C:\xampp\htdocs\MyProjects\moneyTrackerApp2.0\back-end\app\src\controllers\TransactionsController.php: 109
trs1480561828649nXcj---- 
02/12/16 23:46:01 
C:\xampp\htdocs\MyProjects\moneyTrackerApp2.0\back-end\app\src\controllers\TransactionsController.php: 95
usr1480186635766TCSa---- 
02/12/16 23:46:07 
C:\xampp\htdocs\MyProjects\moneyTrackerApp2.0\back-end\app\src\controllers\TransactionsController.php: 109
trs1480574787797wsRs---- 
02/12/16 23:46:10 
C:\xampp\htdocs\MyProjects\moneyTrackerApp2.0\back-end\app\src\controllers\TransactionsController.php: 109
trs1480574787797wsRs---- 
02/12/16 23:46:38 
C:\xampp\htdocs\MyProjects\moneyTrackerApp2.0\back-end\app\src\controllers\TransactionsController.php: 133
Array
(
    [transactId] => trs1480574787797wsRs
    [date] => 2016-12-03T05:46:10.277Z
    [amount] => 85000
    [detail] => Chunches
    [shop] => Nats
    [transactType] => Débito
    [typeId] => 0
)
---- 
02/12/16 23:46:38 
C:\xampp\htdocs\MyProjects\moneyTrackerApp2.0\back-end\app\src\services\TransactionsService.php: 370
Array
(
    [data] => 
    [meta] => Array
        (
            [count] => 1
        )

)
---- 
02/12/16 23:46:38 
C:\xampp\htdocs\MyProjects\moneyTrackerApp2.0\back-end\app\src\services\TransactionsService.php: 374
1---- 
02/12/16 23:46:41 
C:\xampp\htdocs\MyProjects\moneyTrackerApp2.0\back-end\app\src\controllers\TransactionsController.php: 109
trs1480574787797wsRs---- 
02/12/16 23:46:43 
C:\xampp\htdocs\MyProjects\moneyTrackerApp2.0\back-end\app\src\controllers\TransactionsController.php: 95
usr1480186635766TCSa---- 
02/12/16 23:46:47 
C:\xampp\htdocs\MyProjects\moneyTrackerApp2.0\back-end\app\src\controllers\TransactionsController.php: 109
trs1480561828649nXcj---- 
02/12/16 23:46:50 
C:\xampp\htdocs\MyProjects\moneyTrackerApp2.0\back-end\app\src\controllers\TransactionsController.php: 109
trs1480561828649nXcj---- 
02/12/16 23:46:55 
C:\xampp\htdocs\MyProjects\moneyTrackerApp2.0\back-end\app\src\controllers\TransactionsController.php: 133
Array
(
    [transactId] => trs1480561828649nXcj
    [date] => 2016-12-03T05:46:50.723Z
    [amount] => 200000
    [detail] => Personal Isa
    [shop] => Isa G
    [transactType] => Crédito
    [typeId] => 1
)
---- 
02/12/16 23:46:55 
C:\xampp\htdocs\MyProjects\moneyTrackerApp2.0\back-end\app\src\services\TransactionsService.php: 370
Array
(
    [data] => 
    [meta] => Array
        (
            [count] => 1
        )

)
---- 
02/12/16 23:46:55 
C:\xampp\htdocs\MyProjects\moneyTrackerApp2.0\back-end\app\src\services\TransactionsService.php: 374
1---- 
02/12/16 23:46:57 
C:\xampp\htdocs\MyProjects\moneyTrackerApp2.0\back-end\app\src\controllers\TransactionsController.php: 109
trs1480561828649nXcj---- 
02/12/16 23:47:00 
C:\xampp\htdocs\MyProjects\moneyTrackerApp2.0\back-end\app\src\controllers\TransactionsController.php: 95
usr1480186635766TCSa---- 
02/12/16 23:47:24 
C:\xampp\htdocs\MyProjects\moneyTrackerApp2.0\back-end\app\src\controllers\TransactionsController.php: 109
trs1480561828649nXcj